{"level":"error","message":"Mensaje de error"}
{"level":"warn","message":"Mensaje de warn"}
{"level":"info","message":"Mensaje de info"}
{"level":"info","message":"Inicio de sesión exitoso para el usuario: bastian@gmail.com"}
{"level":"error","message":"Error de autenticación: Contraseña incorrecta"}
{"level":"error","message":"Error de autenticación: Contraseña incorrecta"}
{"level":"error","message":"Error de autenticación: Contraseña incorrecta"}
{"level":"info","message":"Inicio de sesión exitoso para el usuario: bastian@gmail.com"}
{"level":"info","message":"Se inicia página de Inicio de Login"}
{"level":"info","message":"Se cargan productos"}
{"level":"info","message":"Se inicia página de Inicio de Login"}
{"level":"info","message":"Se inicia página de Inicio de Login"}
{"level":"info","message":"Se inicia página de Inicio de Login"}
{"level":"info","message":"Se envia correo para reestablecer contraseña a correoundefined"}
{"level":"info","message":"Se inicia página de Inicio de Login"}
{"level":"info","message":"Se envia correo para reestablecer contraseña a correoundefined"}
{"level":"info","message":"Se inicia página de Inicio de Login"}
{"level":"info","message":"Se inicia página de Inicio de Login"}
{"level":"info","message":"Se inicia página de Inicio de Login"}
{"level":"error","message":"Error de autenticación: Usuario no encontrado"}
{"level":"error","message":"Error de autenticación: Usuario no encontrado"}
{"level":"info","message":"Se inicia página de Inicio de Login"}
{"level":"error","message":"Error de autenticación: Usuario no encontrado"}
{"level":"info","message":"Se inicia página de Inicio de Login"}
{"level":"error","message":"Error de autenticación: Usuario no encontrado"}
{"level":"error","message":"Error de autenticación: Usuario no encontrado"}
{"level":"info","message":"Se inicia página de Inicio de Login"}
{"level":"info","message":"Se inicia página de Inicio de Login"}
{"level":"info","message":"Se inicia página de Inicio de Login"}
{"level":"info","message":"Inicio de sesión exitoso para el usuario: bastian@gmail.com"}
{"level":"info","message":"Se inicia página de Usuario"}
{"level":"info","message":"Se inicia página de Inicio de Login"}
{"level":"info","message":"Inicio de sesión exitoso para el usuario: admin@admin.cl"}
{"level":"info","message":"Se inicia página de Administrador"}
{"level":"info","message":"Se inicia página de Inicio de Login"}
{"level":"info","message":"Se inicia página de Inicio de Login"}
{"level":"info","message":"Inicio de sesión exitoso para el usuario: bastian@gmail.com"}
{"level":"info","message":"Se inicia página de Usuario"}
{"level":"info","message":"Se inicia página de Inicio de Login"}
{"level":"info","message":"Se inicia página de Inicio de Login"}
{"level":"info","message":"Inicio de sesión exitoso para el usuario: bastian@gmail.com"}
{"level":"info","message":"Se inicia página de Usuario"}
{"level":"info","message":"Se inicia página de Inicio de Login"}
{"level":"info","message":"Se inicia página de Inicio de Login"}
{"level":"info","message":"Se inicia página de Inicio de Login"}
{"level":"info","message":"Se inicia página de Inicio de Login"}
{"level":"info","message":"Inicio de sesión exitoso para el usuario: bastian@gmail.com"}
{"level":"info","message":"Se inicia página de Usuario"}
{"level":"info","message":"Se inicia página de Inicio de Login"}
{"level":"info","message":"Se inicia página de Inicio de Login"}
{"level":"info","message":"Se envia correo para reestablecer contraseña a correobastian@gmail.com"}
{"level":"info","message":"Se inicia página de Registro de Usuarios"}
{"level":"info","message":"Registro exitoso para el usuario: bast.s.rojas@gmail.com"}
{"level":"info","message":"Se inicia página de Inicio de Login"}
{"level":"info","message":"Se envia correo para reestablecer contraseña a correobast.s.rojas@gmail.com"}
{"level":"info","message":"Se envia correo para reestablecer contraseña a correobast.s.rojas@gmail.com"}
{"level":"info","message":"Se inicia página de Inicio de Login"}
{"level":"info","message":"Se inicia página de Inicio de Login"}
{"level":"info","message":"Se inicia página de Inicio de Login"}
{"level":"info","message":"Se inicia página de Inicio de Login"}
{"level":"error","message":"Error al reestablecer contraseña usuariobast.s.rojadfgdfgdfs@gmail.com no existe"}
{"level":"info","message":"Se inicia página de Inicio de Login"}
{"level":"info","message":"Se inicia página de Registro de Usuarios"}
{"level":"info","message":"Se inicia página de Inicio de Login"}
{"level":"error","message":"Error al reestablecer contraseña usuariobast.s.rojassdasdasd@gmail.com no existe"}
{"level":"error","message":"Error al reestablecer contraseña usuariobast.s.rojassdasdasd@gmail.com no existe"}
{"level":"error","message":"Error al reestablecer contraseña usuario bast.s.rojassdasdasd@gmail.com no existe"}
{"level":"info","message":"Se envia correo para reestablecer contraseña a correobast.s.rojassdasdasd@gmail.com"}
{"level":"info","message":"Se inicia página de Inicio de Login"}
{"level":"info","message":"Se envia correo para reestablecer contraseña a correobast.s.rojas@gmail.com"}
{"level":"info","message":"Se inicia página de Inicio de Login"}
{"level":"info","message":"Se envia correo para reestablecer contraseña a correobast.s.rojas@gmail.com"}
{"level":"info","message":"Se inicia página de Inicio de Login"}
{"level":"info","message":"Se envia correo para reestablecer contraseña a correobast.s.rojas@gmail.com"}
{"level":"info","message":"Se inicia página de Inicio de Login"}
{"level":"info","message":"Se envia correo para reestablecer contraseña a correobast.s.rojas@gmail.com"}
{"level":"info","message":"Se inicia página de Inicio de Login"}
{"level":"info","message":"Se inicia página de Inicio de Login"}
{"level":"info","message":"Se inicia página de Inicio de Login"}
{"level":"info","message":"Se envia correo para reestablecer contraseña a correobast.s.rojas@gmail.com"}
{"level":"info","message":"Se inicia página de Inicio de Login"}
{"level":"info","message":"Se envia correo para reestablecer contraseña a correobast.s.rojas@gmail.com"}
{"level":"info","message":"Se inicia página de Inicio de Login"}
{"level":"info","message":"Se envia correo para reestablecer contraseña a correobast.s.rojas@gmail.com"}
{"level":"info","message":"Se inicia página de Inicio de Login"}
{"level":"info","message":"Inicio de sesión exitoso para el usuario: bast.s.rojas@gmail.com"}
{"level":"info","message":"Se inicia página de Usuario"}
{"level":"info","message":"Se inicia página de Inicio de Login"}
{"level":"info","message":"Se inicia página de Inicio de Login"}
{"level":"info","message":"Inicio de sesión exitoso para el usuario: admin@admin.cl"}
{"level":"info","message":"Se inicia página de Administrador"}
{"level":"info","message":"Se inicia página de Administrador"}
{"level":"info","message":"Se inicia página de Administrador"}
{"level":"info","message":"Se inicia página de Administrador"}
{"level":"info","message":"Se inicia página de Inicio de Login"}
{"level":"info","message":"Se inicia página de Registro de Usuarios"}
{"level":"info","message":"Registro exitoso para el usuario: premium@premium.cl"}
{"level":"info","message":"Se inicia página de Inicio de Login"}
{"level":"info","message":"Inicio de sesión exitoso para el usuario: admin@admin.cl"}
{"level":"info","message":"Se inicia página de Administrador"}
{"level":"info","message":"Se inicia página de Administrador"}
{"level":"info","message":"Se inicia página de Administrador"}
{"level":"info","message":"Se inicia página de Administrador"}
{"level":"info","message":"Se inicia página de Administrador"}
{"level":"info","message":"Se inicia página de Administrador"}
{"level":"info","message":"Se inicia página de Administrador"}
{"level":"info","message":"Se inicia página de Administrador"}
{"level":"info","message":"Se inicia página de Administrador"}
{"level":"info","message":"Se inicia página de Administrador"}
{"level":"info","message":"Se inicia página de Inicio de Login"}
{"level":"info","message":"Inicio de sesión exitoso para el usuario: premium@premium.cl"}
{"level":"info","message":"Se inicia página de Usuario Plus (Premium)"}
{"level":"info","message":"Se inicia página de Inicio de Login"}
{"level":"error","message":"Error de autenticación: Contraseña incorrecta"}
{"level":"info","message":"Inicio de sesión exitoso para el usuario: bast.s.rojas@gmail.com"}
{"level":"info","message":"Se inicia página de Usuario"}
{"level":"info","message":"Se inicia página de Inicio de Login"}
{"level":"info","message":"Inicio de sesión exitoso para el usuario: premium@premium.cl"}
{"level":"info","message":"Se inicia página de Usuario Plus (Premium)"}
{"level":"info","message":"Se inicia página de Inicio de Login"}
{"level":"info","message":"Se inicia página de Inicio de Login"}
{"level":"error","message":"Error de autenticación: Contraseña incorrecta"}
{"level":"info","message":"Inicio de sesión exitoso para el usuario: premium@premium.cl"}
{"level":"info","message":"Se inicia página de Usuario Plus (Premium)"}
{"level":"info","message":"Se inicia página de Inicio de Login"}
{"level":"info","message":"Inicio de sesión exitoso para el usuario: premium@premium.cl"}
{"level":"info","message":"Se inicia página de Usuario Plus (Premium)"}
{"level":"info","message":"Se inicia página de Inicio de Login"}
{"level":"info","message":"Inicio de sesión exitoso para el usuario: premium@premium.cl"}
{"level":"info","message":"Se inicia página de Usuario Plus (Premium)"}
{"level":"info","message":"Se inicia página de Usuario Plus (Premium)"}
{"level":"info","message":"Se inicia página de Usuario Plus (Premium)"}
{"level":"info","message":"Se inicia página de Usuario Plus (Premium)"}
{"level":"info","message":"Se inicia página de Inicio de Login"}
{"level":"info","message":"Se inicia página de Inicio de Login"}
{"level":"info","message":"Inicio de sesión exitoso para el usuario: premium@premium.cl"}
{"level":"info","message":"Se inicia página de Usuario Plus (Premium)"}
{"level":"info","message":"Se inicia página de Usuario Plus (Premium)"}
{"level":"info","message":"Se inicia página de Usuario Plus (Premium)"}
{"level":"info","message":"Se inicia página de Inicio de Login"}
{"level":"info","message":"Inicio de sesión exitoso para el usuario: premium@premium.cl"}
{"level":"info","message":"Se inicia página de Usuario Plus (Premium)"}
{"level":"info","message":"Se inicia página de Usuario Plus (Premium)"}
{"level":"info","message":"Se inicia página de Usuario Plus (Premium)"}
{"level":"info","message":"Se inicia página de Usuario Plus (Premium)"}
{"level":"error","message":"Error al actualizar el rol"}
{"level":"error","message":"Error al actualizar el rol"}
{"level":"error","message":"Error al actualizar el rol"}
{"level":"error","message":"Error al actualizar el rol"}
{"level":"info","message":"Se actualiza rol correctamente"}
{"level":"error","message":"Error al actualizar el rol"}
{"level":"error","message":"Error al actualizar el rol"}
{"level":"info","message":"Se actualiza rol correctamente"}
{"level":"info","message":"Se cargan usuarios"}
{"level":"info","message":"Se cargan usuarios"}
{"level":"info","message":"Se cargan productos"}
{"level":"info","message":"Se obtiene lista de tickets"}
{"level":"info","message":"Se obtiene lista de carritos"}
{"level":"info","message":"Se cargan usuarios"}
{"level":"info","message":"Se actualiza rol correctamente"}
{"level":"info","message":"Se cargan usuarios"}
{"level":"error","message":"Rol no válido proporcionado"}
{"level":"info","message":"Se cargan usuarios"}
{"level":"info","message":"Se actualiza rol correctamente"}
{"level":"info","message":"Se cargan usuarios"}
{"level":"info","message":"Se crea Usuario correctamente"}
{"level":"info","message":"Se cargan usuarios"}
{"level":"info","message":"Se crea ticket correctamente"}
{"level":"info","message":"Se obtiene lista de tickets"}
{"level":"error","message":"Error al ingresar owner de usuario invalido"}
{"level":"info","message":"Se crea producto de usuario premium"}
{"level":"info","message":"Se cargan productos"}
{"level":"error","message":"Error al ingresar owner de usuario invalido"}
{"level":"info","message":"Se obtiene lista de carritos"}
{"level":"info","message":"Se cargan usuarios"}
{"level":"info","message":"Se crea carrito correctamente correctamente"}
{"level":"info","message":"Se obtiene lista de carritos"}
{"level":"info","message":"Se inicia página de Inicio de Login"}
{"level":"info","message":"Se inicia página de Registro de Usuarios"}
{"level":"info","message":"Se inicia página de Inicio de Login"}
{"level":"info","message":"Se inicia página de Registro de Usuarios"}
{"level":"info","message":"Se inicia página de Inicio de Login"}
{"level":"info","message":"Se obtiene lista de carritos"}
{"level":"info","message":"Se crea carrito correctamente correctamente"}
{"level":"info","message":"Se cargan productos"}
{"level":"error","message":"El owner debe contener usuarios premium"}
{"level":"info","message":"Se obtiene lista de tickets"}
{"level":"info","message":"Se crea ticket correctamente"}
{"level":"info","message":"Se cargan usuarios"}
{"level":"info","message":"Se crea Usuario correctamente"}
{"level":"info","message":"Se obtiene lista de carritos"}
{"level":"info","message":"Se crea carrito correctamente correctamente"}
{"level":"info","message":"Se cargan productos"}
{"level":"info","message":"Se crea producto con usuario premium"}
{"level":"info","message":"Se obtiene lista de tickets"}
{"level":"info","message":"Se crea ticket correctamente"}
{"level":"info","message":"Se cargan usuarios"}
{"level":"info","message":"Se crea Usuario correctamente"}
{"level":"info","message":"Se cargan usuarios"}
{"level":"info","message":"Se cargan usuarios"}
{"level":"info","message":"Se inicia página de Inicio de Login"}
{"level":"info","message":"Inicio de sesión exitoso para el usuario: admin@admin.cl"}
{"level":"info","message":"Se inicia página de Administrador"}
{"level":"info","message":"Se inicia página de Administrador"}
{"level":"info","message":"Se inicia página de Inicio de Login"}
{"level":"info","message":"Inicio de sesión exitoso para el usuario: admin@admin.cl"}
{"level":"info","message":"Se inicia página de Administrador"}
{"level":"info","message":"Se inicia página de Administrador"}
{"level":"info","message":"Se inicia página de Inicio de Login"}
{"level":"error","message":"Error de autenticación: Contraseña incorrecta"}
{"level":"info","message":"Inicio de sesión exitoso para el usuario: admin@admin.cl"}
{"level":"info","message":"Se inicia página de Administrador"}
{"level":"info","message":"Se inicia página de Administrador"}
{"level":"info","message":"Se inicia página de Administrador Usuario"}
{"level":"info","message":"Se inicia página de Administrador Usuario"}
{"level":"info","message":"Se inicia página de Administrador Usuario"}
{"level":"info","message":"Se inicia página de Inicio de Login"}
{"level":"error","message":"Error de autenticación: Contraseña incorrecta"}
{"level":"error","message":"Error de autenticación: Contraseña incorrecta"}
{"level":"info","message":"Inicio de sesión exitoso para el usuario: admin@admin.cl"}
{"level":"info","message":"Se inicia página de Administrador"}
{"level":"info","message":"Se inicia página de Administrador Usuario"}
{"level":"info","message":"Se inicia página de Administrador Usuario"}
{"level":"info","message":"Se inicia página de Administrador Usuario"}
{"level":"info","message":"Se inicia página de Administrador Usuario"}
{"level":"info","message":"Se inicia página de Administrador Usuario"}
{"level":"info","message":"Se inicia página de Administrador Usuario"}
{"level":"info","message":"Se inicia página de Administrador Usuario"}
{"level":"info","message":"Se inicia página de Inicio de Login"}
{"level":"info","message":"Inicio de sesión exitoso para el usuario: admin@admin.cl"}
{"level":"info","message":"Se inicia página de Administrador"}
{"level":"info","message":"Se inicia página de Administrador Usuario"}
{"level":"info","message":"Se inicia página de Inicio de Login"}
{"level":"error","message":"Error de autenticación: Contraseña incorrecta"}
{"level":"error","message":"Error de autenticación: Contraseña incorrecta"}
{"level":"info","message":"Inicio de sesión exitoso para el usuario: admin@admin.cl"}
{"level":"info","message":"Se inicia página de Administrador"}
{"level":"info","message":"Se inicia página de Administrador Usuario"}
{"level":"info","message":"Se inicia página de Administrador Usuario"}
{"level":"info","message":"Se inicia página de Administrador Usuario"}
{"level":"info","message":"Se inicia página de Inicio de Login"}
{"level":"info","message":"Inicio de sesión exitoso para el usuario: admin@admin.cl"}
{"level":"info","message":"Se inicia página de Administrador"}
{"level":"info","message":"Se inicia página de Administrador Usuario"}
{"level":"info","message":"Se inicia página de Administrador Usuario"}
{"level":"info","message":"Se inicia página de Administrador Usuario"}
{"level":"info","message":"Se inicia página de Administrador Usuario"}
{"level":"info","message":"Se inicia página de Administrador Usuario"}
{"level":"info","message":"Se inicia página de Administrador Usuario"}
{"level":"info","message":"Se inicia página de Administrador Usuario"}
{"level":"info","message":"Se inicia página de Administrador Usuario"}
{"level":"info","message":"Se inicia página de Administrador"}
{"level":"info","message":"Se inicia página de Administrador Usuario"}
{"level":"info","message":"Se inicia página de Administrador Usuario"}
{"level":"info","message":"Se inicia página de Administrador Usuario"}
{"level":"info","message":"Se inicia página de Administrador Usuario"}
{"level":"info","message":"Se inicia página de Administrador Usuario"}
{"level":"info","message":"Se cargan usuarios"}
{"level":"info","message":"Se inicia página de Inicio de Login"}
{"level":"info","message":"Inicio de sesión exitoso para el usuario: admin@admin.cl"}
{"level":"info","message":"Se inicia página de Administrador"}
{"level":"info","message":"Se inicia página de Administrador Usuario"}
{"level":"info","message":"Se inicia página de Administrador Usuario"}
{"level":"info","message":"Se inicia página de Administrador Usuario"}
{"level":"info","message":"Se inicia página de Administrador Usuario"}
{"level":"info","message":"Se inicia página de Inicio de Login"}
{"level":"info","message":"Se envia correo para reestablecer contraseña a correoadmin@admin.cl"}
{"level":"info","message":"Inicio de sesión exitoso para el usuario: admin@admin.cl"}
{"level":"info","message":"Se inicia página de Administrador"}
{"level":"info","message":"Se inicia página de Administrador Usuario"}
{"level":"info","message":"Se inicia página de Administrador Usuario"}
{"level":"info","message":"Se inicia página de Administrador"}
{"level":"info","message":"Se inicia página de Administrador Usuario"}
{"level":"info","message":"Se inicia página de Administrador Usuario"}
{"level":"info","message":"Se inicia página de Administrador Usuario"}
{"level":"info","message":"Se inicia página de Administrador Usuario"}
{"level":"info","message":"Se inicia página de Administrador Usuario"}
{"level":"info","message":"Se inicia página de Administrador Usuario"}
{"level":"info","message":"Se inicia página de Administrador Usuario"}
{"level":"info","message":"Se inicia página de Administrador Usuario"}
{"level":"info","message":"Se inicia página de Administrador Usuario"}
{"level":"info","message":"Se inicia página de Administrador Usuario"}
{"level":"info","message":"Se inicia página de Administrador Usuario"}
{"level":"info","message":"Se inicia página de Administrador Usuario"}
{"level":"info","message":"Se inicia página de Inicio de Login"}
{"level":"info","message":"Inicio de sesión exitoso para el usuario: admin@admin.cl"}
{"level":"info","message":"Se inicia página de Administrador"}
{"level":"info","message":"Se inicia página de Administrador Usuario"}
{"level":"info","message":"Se inicia página de Administrador Usuario"}
{"level":"info","message":"Se inicia página de Inicio de Login"}
{"level":"info","message":"Inicio de sesión exitoso para el usuario: admin@admin.cl"}
{"level":"info","message":"Se inicia página de Administrador"}
{"level":"info","message":"Se inicia página de Administrador Usuario"}
{"level":"info","message":"Se inicia página de Administrador Usuario"}
{"level":"info","message":"Se inicia página de Administrador Usuario"}
{"level":"info","message":"Se inicia página de Inicio de Login"}
{"level":"info","message":"Inicio de sesión exitoso para el usuario: admin@admin.cl"}
{"level":"info","message":"Se inicia página de Administrador"}
{"level":"info","message":"Se inicia página de Administrador Usuario"}
{"level":"info","message":"Se inicia página de Administrador Usuario"}
{"level":"info","message":"Se inicia página de Administrador Usuario"}
{"level":"info","message":"Se inicia página de Administrador Usuario"}
{"level":"info","message":"Se inicia página de Administrador Usuario"}
{"level":"info","message":"Se inicia página de Administrador Usuario"}
{"level":"info","message":"Se inicia página de Administrador Usuario"}
{"level":"info","message":"Se inicia página de Administrador Usuario"}
{"level":"info","message":"Se inicia página de Administrador Usuario"}
{"level":"info","message":"Se inicia página de Inicio de Login"}
{"level":"info","message":"Inicio de sesión exitoso para el usuario: admin@admin.cl"}
{"level":"info","message":"Se inicia página de Administrador"}
{"level":"info","message":"Se inicia página de Administrador"}
{"level":"info","message":"Se inicia página de Administrador"}
{"level":"info","message":"Se inicia página de Administrador"}
{"level":"info","message":"Se inicia página de Administrador"}
{"level":"info","message":"Se inicia página de Administrador"}
{"level":"info","message":"Se inicia página de Administrador"}
{"level":"info","message":"Se inicia página de Administrador"}
{"level":"info","message":"Se inicia página de Administrador"}
{"level":"info","message":"Se inicia página de Administrador"}
{"level":"info","message":"Se inicia página de Administrador"}
{"level":"info","message":"Se inicia página de Inicio de Login"}
{"level":"info","message":"Inicio de sesión exitoso para el usuario: admin@admin.cl"}
{"level":"info","message":"Se inicia página de Administrador"}
{"level":"info","message":"Se inicia página de Administrador"}
{"level":"info","message":"Se inicia página de Administrador"}
{"level":"info","message":"Se inicia página de Administrador"}
{"level":"info","message":"Se inicia página de Inicio de Login"}
{"level":"error","message":"Error de autenticación: Contraseña incorrecta"}
{"level":"error","message":"Error de autenticación: Contraseña incorrecta"}
{"level":"info","message":"Inicio de sesión exitoso para el usuario: admin@admin.cl"}
{"level":"info","message":"Se inicia página de Inicio de Login"}
{"level":"info","message":"Inicio de sesión exitoso para el usuario: admin@admin.cl"}
{"level":"info","message":"Se inicia página de Administrador"}
{"level":"info","message":"Se cargan usuarios"}
{"level":"info","message":"Se inicia página de Inicio de Login"}
{"level":"info","message":"Se inicia página de Registro de Usuarios"}
{"level":"info","message":"Registro exitoso para el usuario: test@algo.cl"}
{"level":"info","message":"Se inicia página de Inicio de Login"}
{"level":"info","message":"Inicio de sesión exitoso para el usuario: test@algo.cl"}
{"level":"info","message":"Se inicia página de Administrador"}
{"level":"info","message":"Se inicia página de Inicio de Login"}
{"level":"info","message":"Se inicia página de Registro de Usuarios"}
{"level":"info","message":"Se inicia página de Inicio de Login"}
{"level":"error","message":"Error de autenticación: Contraseña incorrecta"}
{"level":"info","message":"Inicio de sesión exitoso para el usuario: bast.s.rojas@gmail.com"}
{"level":"info","message":"Se inicia página de Usuario Plus (Premium)"}
{"level":"info","message":"Se inicia página de Inicio de Login"}
{"level":"info","message":"Se inicia página de Registro de Usuarios"}
{"level":"info","message":"Registro exitoso para el usuario: bast.s.rojas@gmail.com"}
{"level":"info","message":"Se inicia página de Inicio de Login"}
{"level":"info","message":"Inicio de sesión exitoso para el usuario: bast.s.rojas@gmail.com"}
{"level":"info","message":"Se inicia página de Usuario"}
{"level":"info","message":"Se inicia página de Inicio de Login"}
{"level":"info","message":"Se inicia página de Registro de Usuarios"}
{"level":"info","message":"Registro exitoso para el usuario: bast.s.rojas@gmail.com"}
{"level":"info","message":"Se inicia página de Inicio de Login"}
{"level":"info","message":"Inicio de sesión exitoso para el usuario: bast.s.rojas@gmail.com"}
{"level":"info","message":"Se inicia página de Administrador"}
{"level":"info","message":"Se inicia página de Inicio de Login"}
{"level":"error","message":"Error de autenticación: Usuario no encontrado"}
{"level":"info","message":"Se inicia página de Registro de Usuarios"}
{"level":"info","message":"Registro exitoso para el usuario: admin@admin.cl"}
{"level":"info","message":"Se inicia página de Inicio de Login"}
{"level":"info","message":"Inicio de sesión exitoso para el usuario: admin@admin.cl"}
{"level":"info","message":"Se inicia página de Administrador"}
{"level":"info","message":"Se inicia página de Administrador"}
{"level":"info","message":"Se inicia página de Administrador Usuario"}
{"level":"info","message":"Se inicia página de Administrador"}
{"level":"info","message":"Se inicia página de Inicio de Login"}
{"level":"info","message":"Se inicia página de Registro de Usuarios"}
{"level":"info","message":"Se inicia página de Inicio de Login"}
{"level":"info","message":"Se inicia página de Registro de Usuarios"}
{"level":"info","message":"Registro exitoso para el usuario: bast.s.rojas@gmail.com"}
{"level":"info","message":"Se inicia página de Inicio de Login"}
{"level":"info","message":"Inicio de sesión exitoso para el usuario: admin@admin.cl"}
{"level":"info","message":"Se inicia página de Administrador"}
{"level":"info","message":"Se inicia página de Administrador"}
{"level":"info","message":"Se inicia página de Administrador"}
{"level":"info","message":"Se inicia página de Administrador"}
{"level":"info","message":"Se inicia página de Administrador"}
{"level":"info","message":"Se inicia página de Inicio de Login"}
{"level":"info","message":"Inicio de sesión exitoso para el usuario: bastian@gmail.com"}
{"level":"info","message":"Se inicia página de Usuario"}
{"level":"info","message":"Se inicia página de Inicio de Login"}
{"level":"info","message":"Inicio de sesión exitoso para el usuario: bastian@gmail.com"}
{"level":"info","message":"Se inicia página de Usuario"}
{"level":"info","message":"Se inicia página de Inicio de Login"}
{"level":"info","message":"Inicio de sesión exitoso para el usuario: bastian@gmail.com"}
{"level":"info","message":"Se inicia página de Usuario"}
{"level":"info","message":"Se inicia página de Inicio de Login"}
{"level":"info","message":"Inicio de sesión exitoso para el usuario: bastian@gmail.com"}
{"level":"info","message":"Se inicia página de Usuario"}
{"level":"info","message":"Se cargan productos"}
{"level":"info","message":"Se inicia página de Inicio de Login"}
{"level":"info","message":"Inicio de sesión exitoso para el usuario: bastian@gmail.com"}
{"level":"info","message":"Se inicia página de Usuario"}
{"level":"info","message":"Se cargan productos"}
{"level":"info","message":"Se inicia página de Inicio de Login"}
{"level":"info","message":"Inicio de sesión exitoso para el usuario: bastian@gmail.com"}
{"level":"info","message":"Se inicia página de Usuario"}
{"level":"info","message":"Se inicia página de Usuario"}
{"level":"info","message":"Se inicia página de Usuario"}
{"level":"info","message":"Se inicia página de Usuario"}
{"level":"info","message":"Se inicia página de Inicio de Login"}
{"level":"info","message":"Se inicia página de Registro de Usuarios"}
{"level":"info","message":"Registro exitoso para el usuario: admin@admin.cl"}
{"level":"info","message":"Se inicia página de Inicio de Login"}
{"level":"info","message":"Se inicia página de Registro de Usuarios"}
{"level":"info","message":"Registro exitoso para el usuario: premium@premium.cl"}
{"level":"info","message":"Se inicia página de Inicio de Login"}
{"level":"info","message":"Se inicia página de Registro de Usuarios"}
{"level":"info","message":"Registro exitoso para el usuario: usuario@usuario.cl"}
{"level":"info","message":"Se inicia página de Inicio de Login"}
{"level":"info","message":"Inicio de sesión exitoso para el usuario: usuario@usuario.cl"}
{"level":"info","message":"Se inicia página de Usuario"}
{"level":"info","message":"Se inicia página de Inicio de Login"}
{"level":"info","message":"Inicio de sesión exitoso para el usuario: admin@admin.cl"}
{"level":"info","message":"Se inicia página de Administrador"}
{"level":"info","message":"Se inicia página de Administrador"}
{"level":"info","message":"Se inicia página de Administrador"}
{"level":"info","message":"Se inicia página de Administrador"}
{"level":"info","message":"Se inicia página de Administrador"}
{"level":"info","message":"Se inicia página de Administrador"}
{"level":"info","message":"Se inicia página de Administrador"}
{"level":"info","message":"Se inicia página de Administrador"}
{"level":"info","message":"Se inicia página de Administrador"}
{"level":"info","message":"Se inicia página de Administrador"}
{"level":"info","message":"Se inicia página de Inicio de Login"}
{"level":"info","message":"Inicio de sesión exitoso para el usuario: admin@admin.cl"}
{"level":"info","message":"Se inicia página de Administrador"}
{"level":"info","message":"Se inicia página de Administrador"}
{"level":"info","message":"Se inicia página de Administrador"}
{"level":"info","message":"Se inicia página de Administrador"}
{"level":"info","message":"Se inicia página de Inicio de Login"}
{"level":"info","message":"Se crea carrito correctamente correctamente"}
{"level":"info","message":"Se inicia página de Inicio de Login"}
{"level":"info","message":"Se inicia página de Inicio de Login"}
{"level":"info","message":"Se obtiene lista de carritos"}
{"level":"info","message":"Se cargan productos"}
{"level":"info","message":"Se crea ticket correctamente"}
{"level":"info","message":"Se obtiene lista de tickets"}
{"level":"info","message":"Se inicia página de Inicio de Login"}
{"level":"info","message":"Se inicia página de Inicio de Login"}
{"level":"info","message":"Se inicia página de Inicio de Login"}
{"level":"info","message":"Inicio de sesión exitoso para el usuario: admin@admin.cl"}
{"level":"info","message":"Se inicia página de Administrador"}
{"level":"info","message":"Se inicia página de Administrador Usuario"}
{"level":"info","message":"Se inicia página de Administrador"}
{"level":"info","message":"Se inicia página de Inicio de Login"}
{"level":"info","message":"Inicio de sesión exitoso para el usuario: usuario@usuario.cl"}
{"level":"info","message":"Se inicia página de Usuario"}
{"level":"info","message":"Se inicia página de Inicio de Login"}
{"level":"info","message":"Se obtiene lista de carritos"}
{"level":"info","message":"Se obtiene lista de tickets"}
{"level":"info","message":"Se inicia página de Inicio de Login"}
{"level":"info","message":"Se inicia página de Inicio de Login"}
{"level":"info","message":"Se inicia página de Inicio de Login"}
{"level":"info","message":"Inicio de sesión exitoso para el usuario: usuario@usuario.cl"}
{"level":"info","message":"Se inicia página de Usuario"}
{"level":"info","message":"Se inicia página de Inicio de Login"}
{"level":"error","message":"Error de autenticación: Usuario no encontrado"}
{"level":"info","message":"Inicio de sesión exitoso para el usuario: usuario@usuario.cl"}
{"level":"info","message":"Se inicia página de Usuario"}
{"level":"info","message":"Se inicia página de Inicio de Login"}
{"level":"info","message":"Se inicia página de Inicio de Login"}
{"level":"info","message":"Se inicia página de Registro de Usuarios"}
{"level":"info","message":"Registro exitoso para el usuario: algo@algo.cl"}
{"level":"info","message":"Se inicia página de Inicio de Login"}
{"level":"info","message":"Se inicia página de Registro de Usuarios"}
{"level":"info","message":"Registro exitoso para el usuario: algo@algo.cl"}
{"level":"info","message":"Se inicia página de Inicio de Login"}
{"level":"info","message":"Se inicia página de Registro de Usuarios"}
{"level":"info","message":"Registro exitoso para el usuario: test@algo.cl"}
{"level":"info","message":"Se inicia página de Inicio de Login"}
{"level":"info","message":"Se inicia página de Registro de Usuarios"}
{"level":"info","message":"Registro exitoso para el usuario: lolo@lolo.cl"}
{"level":"info","message":"Se inicia página de Inicio de Login"}
{"level":"info","message":"Se inicia página de Registro de Usuarios"}
{"level":"info","message":"Registro exitoso para el usuario: pedro@algo.cl"}
{"level":"info","message":"Se inicia página de Inicio de Login"}
{"level":"info","message":"Se inicia página de Registro de Usuarios"}
{"level":"info","message":"Registro exitoso para el usuario: usuario@usuario.cl"}
{"level":"info","message":"Se inicia página de Inicio de Login"}
{"level":"info","message":"Inicio de sesión exitoso para el usuario: usuario@usuario.cl"}
{"level":"info","message":"Se inicia página de Usuario"}
{"level":"info","message":"Se inicia página de Inicio de Login"}
{"level":"info","message":"Inicio de sesión exitoso para el usuario: usuario@usuario.cl"}
{"level":"info","message":"Se inicia página de Usuario"}
{"level":"info","message":"Se inicia página de Inicio de Login"}
{"level":"info","message":"Inicio de sesión exitoso para el usuario: usuario@usuario.cl"}
{"level":"info","message":"Se inicia página de Usuario"}
{"level":"info","message":"Se inicia página de Usuario"}
{"level":"info","message":"Se inicia página de Inicio de Login"}
{"level":"info","message":"Inicio de sesión exitoso para el usuario: usuario@usuario.cl"}
{"level":"info","message":"Se inicia página de Usuario"}
{"level":"info","message":"Se inicia página de Inicio de Login"}
{"level":"info","message":"Inicio de sesión exitoso para el usuario: usuario@usuario.cl"}
{"level":"info","message":"Se inicia página de Usuario"}
{"level":"info","message":"Se inicia página de Usuario"}
{"level":"info","message":"Se inicia página de Inicio de Login"}
{"level":"info","message":"Inicio de sesión exitoso para el usuario: usuario@usuario.cl"}
{"level":"info","message":"Inicio de sesión exitoso para el usuario: usuario@usuario.cl"}
{"level":"info","message":"Se inicia página de Usuario"}
{"level":"info","message":"Se inicia página de Inicio de Login"}
{"level":"info","message":"Inicio de sesión exitoso para el usuario: usuario@usuario.cl"}
{"level":"info","message":"Se inicia página de Usuario"}
{"level":"info","message":"Se inicia página de Inicio de Login"}
{"level":"info","message":"Inicio de sesión exitoso para el usuario: usuario@usuario.cl"}
{"level":"info","message":"Se inicia página de Usuario"}
{"level":"info","message":"Se inicia página de Usuario"}
{"level":"info","message":"Se inicia página de Inicio de Login"}
{"level":"info","message":"Inicio de sesión exitoso para el usuario: usuario@usuario.cl"}
{"level":"info","message":"Se inicia página de Usuario"}
{"level":"info","message":"Se inicia página de Inicio de Login"}
{"level":"info","message":"Inicio de sesión exitoso para el usuario: usuario@usuario.cl"}
{"level":"info","message":"Se inicia página de Usuario"}
{"level":"info","message":"Se inicia página de Inicio de Login"}
{"level":"info","message":"Inicio de sesión exitoso para el usuario: usuario@usuario.cl"}
{"level":"info","message":"Se inicia página de Usuario"}
{"level":"info","message":"Se inicia página de Inicio de Login"}
{"level":"info","message":"Inicio de sesión exitoso para el usuario: usuario@usuario.cl"}
{"level":"info","message":"Se inicia página de Usuario"}
{"level":"info","message":"Se inicia página de Usuario"}
{"level":"info","message":"Se inicia página de Inicio de Login"}
{"level":"info","message":"Inicio de sesión exitoso para el usuario: usuario@usuario.cl"}
{"level":"info","message":"Se inicia página de Usuario"}
{"level":"info","message":"Se inicia página de Usuario"}
{"level":"info","message":"Se inicia página de Inicio de Login"}
{"level":"info","message":"Inicio de sesión exitoso para el usuario: usuario@usuario.cl"}
{"level":"info","message":"Se inicia página de Usuario"}
{"level":"info","message":"Se inicia página de Usuario"}
{"level":"info","message":"Se inicia página de Inicio de Login"}
{"level":"info","message":"Inicio de sesión exitoso para el usuario: usuario@usuario.cl"}
{"level":"info","message":"Se inicia página de Usuario"}
{"level":"info","message":"Se inicia página de Inicio de Login"}
{"level":"info","message":"Inicio de sesión exitoso para el usuario: usuario@usuario.cl"}
{"level":"info","message":"Se inicia página de Usuario"}
{"level":"info","message":"Se inicia página de Inicio de Login"}
{"level":"info","message":"Inicio de sesión exitoso para el usuario: usuario@usuario.cl"}
{"level":"info","message":"Se inicia página de Usuario"}
{"level":"info","message":"Se inicia página de Usuario"}
{"level":"info","message":"Se inicia página de Inicio de Login"}
{"level":"info","message":"Inicio de sesión exitoso para el usuario: usuario@usuario.cl"}
{"level":"info","message":"Se inicia página de Usuario"}
{"level":"info","message":"Se inicia página de Usuario"}
{"level":"info","message":"Se inicia página de Usuario"}
{"level":"info","message":"Se inicia página de Inicio de Login"}
{"level":"info","message":"Inicio de sesión exitoso para el usuario: usuario@usuario.cl"}
{"level":"info","message":"Se inicia página de Usuario"}
{"level":"info","message":"Se inicia página de Usuario"}
{"level":"info","message":"Se inicia página de Usuario"}
{"level":"info","message":"Se inicia página de Inicio de Login"}
{"level":"info","message":"Inicio de sesión exitoso para el usuario: usuario@usuario.cl"}
{"level":"info","message":"Se inicia página de Usuario"}
{"level":"info","message":"Se inicia página de Inicio de Login"}
{"level":"info","message":"Inicio de sesión exitoso para el usuario: usuario@usuario.cl"}
{"level":"info","message":"Se inicia página de Usuario"}
{"level":"info","message":"Se inicia página de Inicio de Login"}
{"level":"info","message":"Inicio de sesión exitoso para el usuario: usuario@usuario.cl"}
{"level":"info","message":"Se inicia página de Usuario"}
{"level":"info","message":"Se inicia página de Usuario"}
{"level":"info","message":"Se inicia página de Usuario"}
{"level":"info","message":"Se inicia página de Usuario"}
{"level":"info","message":"Se inicia página de Inicio de Login"}
{"level":"info","message":"Inicio de sesión exitoso para el usuario: usuario@usuario.cl"}
{"level":"info","message":"Se inicia página de Usuario"}
{"level":"info","message":"Se inicia página de Usuario"}
{"level":"info","message":"Se inicia página de Usuario"}
{"level":"info","message":"Se inicia página de Usuario"}
{"level":"info","message":"Se inicia página de Usuario"}
{"level":"info","message":"Se inicia página de Usuario"}
{"level":"info","message":"Se inicia página de Usuario"}
{"level":"info","message":"Se inicia página de Usuario"}
{"level":"info","message":"Se inicia página de Inicio de Login"}
{"level":"info","message":"Inicio de sesión exitoso para el usuario: usuario@usuario.cl"}
{"level":"info","message":"Se inicia página de Usuario"}
{"level":"info","message":"Se inicia página de Usuario"}
{"level":"info","message":"Se inicia página de Inicio de Login"}
{"level":"info","message":"Inicio de sesión exitoso para el usuario: usuario@usuario.cl"}
{"level":"info","message":"Se inicia página de Usuario"}
{"level":"info","message":"Se inicia página de Usuario"}
{"level":"info","message":"Se inicia página de Usuario"}
{"level":"info","message":"Se inicia página de Usuario"}
{"level":"info","message":"Se inicia página de Inicio de Login"}
{"level":"info","message":"Inicio de sesión exitoso para el usuario: usuario@usuario.cl"}
{"level":"info","message":"Se inicia página de Usuario"}
{"level":"info","message":"Se inicia página de Usuario"}
{"level":"info","message":"Se inicia página de Usuario"}
{"level":"info","message":"Se inicia página de Inicio de Login"}
{"level":"info","message":"Inicio de sesión exitoso para el usuario: usuario@usuario.cl"}
{"level":"info","message":"Se inicia página de Usuario"}
{"level":"info","message":"Se inicia página de Usuario"}
{"level":"info","message":"Se inicia página de Inicio de Login"}
{"level":"info","message":"Inicio de sesión exitoso para el usuario: usuario@usuario.cl"}
{"level":"info","message":"Se inicia página de Usuario"}
{"level":"info","message":"Inicio de sesión exitoso para el usuario: usuario@usuario.cl"}
{"level":"info","message":"Se inicia página de Inicio de Login"}
{"level":"info","message":"Inicio de sesión exitoso para el usuario: usuario@usuario.cl"}
{"level":"info","message":"Se inicia página de Usuario"}
{"level":"info","message":"Se inicia página de Usuario"}
{"level":"info","message":"Se inicia página de Inicio de Login"}
{"level":"info","message":"Inicio de sesión exitoso para el usuario: usuario@usuario.cl"}
{"level":"info","message":"Se inicia página de Usuario"}
{"level":"info","message":"Se inicia página de Usuario"}
{"level":"info","message":"Se inicia página de Usuario"}
{"level":"info","message":"Se inicia página de Usuario"}
{"level":"info","message":"Se inicia página de Usuario"}
{"level":"info","message":"Se inicia página de Usuario"}
{"level":"info","message":"Se inicia página de Usuario"}
{"level":"info","message":"Se inicia página de Usuario"}
{"level":"info","message":"Se inicia página de Usuario"}
{"level":"info","message":"Se inicia página de Inicio de Login"}
{"level":"info","message":"Inicio de sesión exitoso para el usuario: usuario@usuario.cl"}
{"level":"info","message":"Se inicia página de Usuario"}
{"level":"info","message":"Se inicia página de Inicio de Login"}
{"level":"info","message":"Inicio de sesión exitoso para el usuario: usuario@usuario.cl"}
{"level":"info","message":"Se inicia página de Usuario"}
{"level":"info","message":"Se inicia página de Usuario"}
{"level":"info","message":"Se inicia página de Usuario"}
{"level":"info","message":"Se inicia página de Usuario"}
{"level":"info","message":"Se inicia página de Usuario"}
{"level":"info","message":"Se inicia página de Inicio de Login"}
{"level":"info","message":"Inicio de sesión exitoso para el usuario: usuario@usuario.cl"}
{"level":"info","message":"Se inicia página de Usuario"}
{"level":"info","message":"Se inicia página de Usuario"}
{"level":"info","message":"Se inicia página de Usuario"}
{"level":"info","message":"Se inicia página de Usuario"}
{"level":"info","message":"Se inicia página de Usuario"}
{"level":"info","message":"Se inicia página de Usuario"}
{"level":"info","message":"Se inicia página de Usuario"}
{"level":"info","message":"Se inicia página de Usuario"}
{"level":"info","message":"Se inicia página de Usuario"}
{"level":"info","message":"Se inicia página de Inicio de Login"}
{"level":"info","message":"Inicio de sesión exitoso para el usuario: usuario@usuario.cl"}
{"level":"info","message":"Se inicia página de Usuario"}
{"level":"info","message":"Se inicia página de Usuario"}
{"level":"info","message":"Se inicia página de Inicio de Login"}
{"level":"info","message":"Inicio de sesión exitoso para el usuario: usuario@usuario.cl"}
{"level":"info","message":"Se inicia página de Usuario"}
{"level":"info","message":"Se inicia página de Usuario"}
{"level":"info","message":"Se inicia página de Usuario"}
{"level":"info","message":"Se inicia página de Usuario"}
{"level":"info","message":"Se inicia página de Usuario"}
{"level":"info","message":"Se inicia página de Usuario"}
{"level":"info","message":"Se inicia página de Usuario"}
{"level":"info","message":"Se inicia página de Inicio de Login"}
{"level":"info","message":"Se inicia página de Usuario"}
{"level":"info","message":"Se inicia página de Inicio de Login"}
{"level":"info","message":"Inicio de sesión exitoso para el usuario: usuario@usuario.cl"}
{"level":"info","message":"Se inicia página de Usuario"}
{"level":"info","message":"Se inicia página de Usuario"}
{"level":"info","message":"Se inicia página de Inicio de Login"}
{"level":"info","message":"Inicio de sesión exitoso para el usuario: usuario@usuario.cl"}
{"level":"info","message":"Se inicia página de Usuario"}
{"level":"info","message":"Se inicia página de Usuario"}
{"level":"info","message":"Se inicia página de Inicio de Login"}
{"level":"info","message":"Inicio de sesión exitoso para el usuario: usuario@usuario.cl"}
{"level":"info","message":"Se inicia página de Usuario"}
{"level":"info","message":"Se inicia página de Inicio de Login"}
{"level":"info","message":"Inicio de sesión exitoso para el usuario: usuario@usuario.cl"}
{"level":"info","message":"Se inicia página de Usuario"}
{"level":"info","message":"Se inicia página de Inicio de Login"}
{"level":"info","message":"Inicio de sesión exitoso para el usuario: usuario@usuario.cl"}
{"level":"info","message":"Se inicia página de Usuario"}
{"level":"info","message":"Se inicia página de Usuario"}
{"level":"info","message":"Se inicia página de Usuario"}
{"level":"info","message":"Se inicia página de Inicio de Login"}
{"level":"info","message":"Inicio de sesión exitoso para el usuario: usuario@usuario.cl"}
{"level":"info","message":"Se inicia página de Usuario"}
{"level":"info","message":"Se inicia página de Usuario"}
{"level":"info","message":"Se inicia página de Inicio de Login"}
{"level":"info","message":"Inicio de sesión exitoso para el usuario: usuario@usuario.cl"}
{"level":"info","message":"Se inicia página de Usuario"}
{"level":"info","message":"Se inicia página de Usuario"}
{"level":"info","message":"Se inicia página de Usuario"}
{"level":"info","message":"Se inicia página de Usuario"}
{"level":"info","message":"Se Cierra Sesión"}
{"level":"info","message":"Se inicia página de Inicio de Login"}
{"level":"info","message":"Inicio de sesión exitoso para el usuario: usuario@usuario.cl"}
{"level":"info","message":"Se inicia página de Usuario"}
{"level":"info","message":"Se inicia página de Usuario"}
{"level":"info","message":"Se inicia página de Inicio de Login"}
{"level":"info","message":"Inicio de sesión exitoso para el usuario: usuario@usuario.cl"}
{"level":"info","message":"Se inicia página de Usuario"}
{"level":"info","message":"Se inicia página de Usuario"}
{"level":"info","message":"Se inicia página de Usuario"}
{"level":"info","message":"Se inicia página de Usuario"}
{"level":"info","message":"Se inicia página de Usuario"}
{"level":"info","message":"Se inicia página de Usuario"}
{"level":"info","message":"Se inicia página de Usuario"}
{"level":"info","message":"Se Cierra Sesión"}
{"level":"info","message":"Se inicia página de Inicio de Login"}
